SF:/mnt/c/Users/Bera/Desktop/midtermproject/src/farmermarket/header/farmermarket.h
DA:10,0
DA:11,0
DA:9,0
DA:14,0
DA:16,0
DA:18,0
DA:20,0
DA:1,1
end_of_record
SF:/mnt/c/Users/Bera/Desktop/midtermproject/src/farmermarket/src/farmermarket.cpp
DA:5,0
DA:7,0
DA:8,0
DA:9,0
DA:51,0
DA:58,0
DA:72,0
DA:1,0
end_of_record
SF:/mnt/c/Users/Bera/Desktop/midtermproject/README.md
DA:1,0
end_of_record
SF:/mnt/c/Users/Bera/Desktop/midtermproject/src/farmermarketapp/header/farmermarketapp.h
DA:1,1
end_of_record
SF:/mnt/c/Users/Bera/Desktop/midtermproject/src/farmermarketapp/src/farmermarketapp.cpp
DA:12,0
DA:1,1
end_of_record
SF:/mnt/c/Users/Bera/Desktop/midtermproject/src/utility/header/commonTypes.h
DA:1,0
end_of_record
SF:/mnt/c/Users/Bera/Desktop/midtermproject/src/utility/header/mathUtility.h
DA:1,0
end_of_record
SF:/mnt/c/Users/Bera/Desktop/midtermproject/src/utility/src/mathUtility.cpp
DA:1,0
end_of_record
