SF:/mnt/c/users/bera/Desktop/ce100-midterm-ahmetbera-celik-enes-koy-cpp/src/farmermarket/header/farmermarket.h
DA:36,1
DA:37,1
DA:35,1
DA:26,1
DA:27,1
DA:28,1
DA:25,1
DA:17,1
DA:18,1
DA:16,1
DA:9,1
DA:10,1
DA:40,1
DA:42,1
DA:44,1
DA:46,1
DA:48,1
DA:50,1
DA:52,1
DA:54,1
DA:56,1
DA:58,1
DA:60,1
DA:62,1
DA:64,1
DA:66,1
DA:68,1
DA:70,1
DA:72,1
DA:74,1
DA:76,1
DA:78,1
DA:80,1
DA:82,1
DA:84,1
DA:86,1
DA:88,1
DA:90,1
DA:92,1
DA:94,1
DA:96,1
DA:98,1
DA:100,1
DA:102,1
DA:1,1
end_of_record
SF:/mnt/c/users/bera/Desktop/ce100-midterm-ahmetbera-celik-enes-koy-cpp/README.md
DA:1,0
end_of_record
SF:/mnt/c/users/bera/Desktop/ce100-midterm-ahmetbera-celik-enes-koy-cpp/src/farmermarket/src/farmermarket.cpp
DA:13,1
DA:14,1
DA:15,1
DA:16,1
DA:17,1
DA:18,1
DA:33,1
DA:51,1
DA:86,1
DA:106,1
DA:112,1
DA:113,1
DA:114,1
DA:115,1
DA:116,1
DA:120,1
DA:133,1
DA:189,1
DA:203,1
DA:221,1
DA:326,1
DA:340,1
DA:366,1
DA:384,1
DA:411,1
DA:424,1
DA:447,1
DA:470,1
DA:514,1
DA:523,1
DA:542,1
DA:565,1
DA:579,1
DA:610,1
DA:666,1
DA:708,1
DA:727,1
DA:740,1
DA:784,1
DA:822,1
DA:867,1
DA:910,1
DA:984,1
DA:1012,1
DA:1025,1
DA:1052,1
DA:1089,1
DA:1,1
end_of_record
SF:/mnt/c/users/bera/Desktop/ce100-midterm-ahmetbera-celik-enes-koy-cpp/src/farmermarketapp/header/farmermarketapp.h
DA:1,1
end_of_record
SF:/mnt/c/users/bera/Desktop/ce100-midterm-ahmetbera-celik-enes-koy-cpp/src/farmermarketapp/src/farmermarketapp.cpp
DA:17,1
DA:1,1
end_of_record
SF:/mnt/c/users/bera/Desktop/ce100-midterm-ahmetbera-celik-enes-koy-cpp/src/utility/header/commonTypes.h
DA:1,1
end_of_record
SF:/mnt/c/users/bera/Desktop/ce100-midterm-ahmetbera-celik-enes-koy-cpp/src/utility/header/mathUtility.h
DA:1,1
end_of_record
SF:/mnt/c/users/bera/Desktop/ce100-midterm-ahmetbera-celik-enes-koy-cpp/src/utility/src/mathUtility.cpp
DA:1,1
end_of_record
