SF:C:\Users\Bera\Desktop\midtermproject\src\tests\farmermarket\farmermarket_test.cpp
DA:6,0
DA:7,0
DA:8,0
DA:9,0
DA:10,0
DA:11,0
DA:12,0
DA:13,0
DA:16,0
DA:22,0
DA:30,0
DA:38,0
DA:50,0
DA:4,0
DA:3,0
DA:63,0
DA:71,0
DA:76,0
DA:86,0
DA:96,0
DA:107,0
DA:116,0
DA:125,0
DA:137,0
DA:147,0
DA:157,0
DA:165,0
DA:172,0
DA:184,0
DA:196,0
DA:208,0
DA:220,0
DA:232,0
DA:244,0
DA:256,0
DA:268,0
DA:290,0
DA:321,0
DA:349,0
DA:369,0
DA:379,0
DA:433,0
DA:439,0
DA:456,0
DA:466,0
DA:483,0
DA:500,0
DA:517,0
DA:535,0
DA:553,0
DA:564,0
DA:575,0
DA:586,0
DA:597,0
DA:608,0
DA:639,0
DA:652,0
DA:659,0
DA:669,0
DA:686,0
DA:704,1
DA:1,0
end_of_record
SF:C:\Users\Bera\Desktop\midtermproject\[generated]
DA:1,0
end_of_record
SF:C:\Users\Bera\Desktop\midtermproject\README.md
DA:1,0
end_of_record
SF:C:\Users\Bera\Desktop\midtermproject\src\tests\utility\utility_test.cpp
DA:1,0
end_of_record
