SF:C:\Users\Bera\Desktop\midtermproject\src\tests\farmermarket\farmermarket_test.cpp
DA:5,0
DA:6,0
DA:7,0
DA:8,0
DA:9,0
DA:10,0
DA:11,0
DA:12,0
DA:13,0
DA:17,0
DA:22,0
DA:3,0
DA:30,0
DA:38,0
DA:43,0
DA:56,0
DA:69,0
DA:82,0
DA:89,0
DA:96,0
DA:108,0
DA:118,0
DA:128,0
DA:136,0
DA:143,0
DA:155,0
DA:167,0
DA:179,0
DA:191,0
DA:203,0
DA:215,0
DA:227,0
DA:239,0
DA:261,0
DA:292,0
DA:320,0
DA:340,0
DA:348,0
DA:377,0
DA:402,0
DA:426,0
DA:436,0
DA:449,0
DA:472,0
DA:504,1
DA:1,0
end_of_record
SF:C:\Users\Bera\Desktop\midtermproject\[generated]
DA:1,0
end_of_record
SF:C:\Users\Bera\Desktop\midtermproject\README.md
DA:1,0
end_of_record
SF:C:\Users\Bera\Desktop\midtermproject\src\tests\utility\utility_test.cpp
DA:1,0
end_of_record
