<!DOCTYPE html>
<html lang="en">
<head>
    <meta charset="UTF-8">
    <title>testResults_linux.xml</title>
    <style type="text/css">
        body {
    background-color: white;
    padding-bottom: 20em;
    margin: 0;
    min-height: 15cm;
}

h1, h2, h3, h4, h5, h6, h7 {
    font-family: sans-serif;
}

h1 {
    background-color: #007acc;
    color: white;
    padding: 3mm;
    margin-top: 0;
    margin-bottom: 1mm;
}

.footer {
    font-style: italic;
    font-size: small;
    text-align: right;
    padding: 1em;
}

.testsuite {
    padding-bottom: 2em;
    margin-left: 1em;
}

.proplist {
    width: 100%;
    margin-bottom: 2em;
    border-collapse: collapse;
    border: 1px solid grey;
}

.proplist th {
    background-color: silver;
    width: 5em;
    padding: 2px;
    padding-right: 1em;
    text-align: left;
}

.proplist td {
    padding: 2px;
}

.index-table {
    width: 90%;
    margin-left: 1em;
}

.index-table td {
    vertical-align: top;
    width: 50%;
}

.failure-index {

}

.toc {
    margin-bottom: 2em;
    font-family: monospace;
}

.stdio, pre {
    min-height: 1em;
    background-color: #1e1e1e;
    color: silver;
    padding: 0.5em;
}
.tdpre {
    background-color: #1e1e1e;
}

.test {
    margin-left: 0.5cm;
}

.outcome {
    border-left: 1em;
    padding: 2px;
}

.outcome-failed {
    border-left: 1em solid lightcoral;
}

.outcome-passed {
    border-left: 1em solid lightgreen;
}

.outcome-skipped {
    border-left: 1em solid lightyellow;
}

.stats-table {
}

.stats-table td {
    min-width: 4em;
    text-align: right;
}

.stats-table .failed {
    background-color: lightcoral;
}

.stats-table .passed {
    background-color: lightgreen;
}

.matrix-table {
    table-layout: fixed;
    border-spacing: 0;
    width: available;
    margin-left: 1em;
}

.matrix-table td {
    vertical-align: center;
}

.matrix-table td:last-child {
    width: 0;
}

.matrix-table tr:hover {
    background-color: yellow;
}

.matrix-axis-name {
    white-space: nowrap;
    padding-right: 0.5em;
    border-left: 1px solid black;
    border-top: 1px solid black;
    text-align: right;
}

.matrix-axis-line {
    border-left: 1px solid black;
    width: 0.5em;
}

.matrix-classname {
    text-align: left;
    width: 100%;
    border-top: 2px solid grey;
    border-bottom: 1px solid silver;
}

.matrix-casename {
    text-align: left;
    font-weight: normal;
    font-style: italic;
    padding-left: 1em;
    border-bottom: 1px solid silver;
}

.matrix-result {
    display: block;
    width: 1em;
    text-align: center;
    padding: 1mm;
    margin: 0;
}

.matrix-result-combined {
    white-space: nowrap;
    padding-right: 0.2em;
    text-align: right;
}

.matrix-result-failed {
    background-color: lightcoral;
}

.matrix-result-passed {
    background-color: lightgreen;
}

.matrix-result-skipped {
    background-color: lightyellow;
}

.matrix-even {
    background-color: lightgray;
}
    </style>
</head>
<body>
    
<h1>
    Test Report : testResults_linux.xml
</h1>
<a id="toc"></a>
<table class="index-table">
    <tr>
        <td>
            <ul class="toc">
            
                
                <li>utility_tests
                <ul>
                    
                    <li><a href="#1593be19-3b30-417f-856a-4551241c3fbd">utility_tests</a></li>
                    
                </ul>
                </li>
                
                <li>FarmermarketTest.SaveandAuthenticateUserTest
                <ul>
                    
                    <li><a href="#d5af2b56-da51-424b-ac1a-f556b6d7fb18">FarmermarketTest.SaveandAuthenticateUserTest</a></li>
                    
                </ul>
                </li>
                
                <li>FarmermarketTest.InvalidAuthenticateUserTest
                <ul>
                    
                    <li><a href="#0caf20c0-c787-40b3-ab96-ff8e907fe29f">FarmermarketTest.InvalidAuthenticateUserTest</a></li>
                    
                </ul>
                </li>
                
                <li>FarmermarketTest.UserAuthenticationLoginTest
                <ul>
                    
                    <li><a href="#7eacddab-ccd9-4670-ba91-40ab5e46250c">FarmermarketTest.UserAuthenticationLoginTest</a></li>
                    
                </ul>
                </li>
                
                <li>FarmermarketTest.UserAuthenticationLoginInvalidTest
                <ul>
                    
                    <li><a href="#c82b82f6-bc6e-414a-8ea1-1c6dc9474a2c">FarmermarketTest.UserAuthenticationLoginInvalidTest</a></li>
                    
                </ul>
                </li>
                
                <li>FarmermarketTest.UserAuthenticationRegisterTest
                <ul>
                    
                    <li><a href="#052154ef-5696-43aa-b061-df166ebc4b61">FarmermarketTest.UserAuthenticationRegisterTest</a></li>
                    
                </ul>
                </li>
                
                <li>FarmermarketTest.LoginGuestModeTest
                <ul>
                    
                    <li><a href="#c6c6b8a4-e227-4517-9a2c-a72395d9f6f1">FarmermarketTest.LoginGuestModeTest</a></li>
                    
                </ul>
                </li>
                
                <li>FarmermarketTest.ExitUserAuthenticationTest
                <ul>
                    
                    <li><a href="#6f15866b-c653-4323-bc4e-d690951e2197">FarmermarketTest.ExitUserAuthenticationTest</a></li>
                    
                </ul>
                </li>
                
                <li>FarmermarketTest.UserAuthenticationInvalidInputTest
                <ul>
                    
                    <li><a href="#7aff5c8b-72a0-4bd8-92a4-bacae04bdbb8">FarmermarketTest.UserAuthenticationInvalidInputTest</a></li>
                    
                </ul>
                </li>
                
            
            </ul>
        </td>
        <td class="failure-index">
            <ul class="toc">
            
                
                    
                    
                    
                
                    
                    
                    
                
                    
                    
                    <li><a href="#0caf20c0-c787-40b3-ab96-ff8e907fe29f">[F] FarmermarketTest.InvalidAuthenticateUserTest : FarmermarketTest.InvalidAuthenticateUserTest</a></li>
                    
                    
                
                    
                    
                    
                
                    
                    
                    
                
                    
                    
                    
                
                    
                    
                    
                
                    
                    
                    
                
                    
                    
                    
                
            
            </ul>
        </td>
    </tr>
</table>


    <div class="testsuite">
        <h2>Test Suite: (empty)</h2>
        <a id="ec2be061-57c9-40a2-84d2-d61ae1df59e5"></a>
        
        
        <h3>Results</h3>
        <table class="proplist">
            <tr>
                <th>Duration</th><td>0.0 sec</td>
            </tr>
            <tr>
                <th>Tests</th><td>9</td>
            </tr>
            <tr>
                <th>Failures</th><td>1</td>
            </tr>
        </table>

        <div class="testclasses">
            <h3>Tests</h3>
            
            <div class="testclass">
                <h4>utility_tests</h4>
                <div class="testcases">
                
                    <div class="test outcome outcome-passed">
                        <a id="1593be19-3b30-417f-856a-4551241c3fbd"></a>
                        <table class="proplist">
                            <tr><th>Test case:</th><td><b>utility_tests</b></td></tr>
                            <tr><th>Outcome:</th><td>Passed</td></tr>
                            <tr><th>Duration:</th><td>0.033 sec</td></tr>
                        
                            <tr><th>Failed</th><td>None</td></tr>
                        
                        
                        </table>

                        
                        <pre>None</pre>
                        
                        

                        
                        
                        <div class="stdout"><i>Stdout</i><br>
                            <pre>Running main() from /mnt/c/Users/Bera/Desktop/midtermproject/src/tests/googletest/googletest/src/gtest_main.cc
[==========] Running 0 tests from 0 test suites.
[==========] 0 tests from 0 test suites ran. (0 ms total)
[  PASSED  ] 0 tests.
</pre>
                        </div>
                        
                        
                    </div>
                
                </div>
            </div>
            
            <div class="testclass">
                <h4>FarmermarketTest.SaveandAuthenticateUserTest</h4>
                <div class="testcases">
                
                    <div class="test outcome outcome-passed">
                        <a id="d5af2b56-da51-424b-ac1a-f556b6d7fb18"></a>
                        <table class="proplist">
                            <tr><th>Test case:</th><td><b>FarmermarketTest.SaveandAuthenticateUserTest</b></td></tr>
                            <tr><th>Outcome:</th><td>Passed</td></tr>
                            <tr><th>Duration:</th><td>0.036 sec</td></tr>
                        
                            <tr><th>Failed</th><td>None</td></tr>
                        
                        
                        </table>

                        
                        <pre>None</pre>
                        
                        

                        
                        
                        <div class="stdout"><i>Stdout</i><br>
                            <pre>Note: Google Test filter = FarmermarketTest.SaveandAuthenticateUserTest
[==========] Running 1 test from 1 test suite.
[----------] Global test environment set-up.
[----------] 1 test from FarmermarketTest
[ RUN      ] FarmermarketTest.SaveandAuthenticateUserTest
[       OK ] FarmermarketTest.SaveandAuthenticateUserTest (8 ms)
[----------] 1 test from FarmermarketTest (8 ms total)

[----------] Global test environment tear-down
[==========] 1 test from 1 test suite ran. (8 ms total)
[  PASSED  ] 1 test.
</pre>
                        </div>
                        
                        
                    </div>
                
                </div>
            </div>
            
            <div class="testclass">
                <h4>FarmermarketTest.InvalidAuthenticateUserTest</h4>
                <div class="testcases">
                
                    <div class="test outcome outcome-failed">
                        <a id="0caf20c0-c787-40b3-ab96-ff8e907fe29f"></a>
                        <table class="proplist">
                            <tr><th>Test case:</th><td><b>FarmermarketTest.InvalidAuthenticateUserTest</b></td></tr>
                            <tr><th>Outcome:</th><td>Failed</td></tr>
                            <tr><th>Duration:</th><td>0.037 sec</td></tr>
                        
                            <tr><th>Failed</th><td></td></tr>
                        
                        
                        </table>

                        
                        <pre>failed</pre>
                        
                        

                        
                        
                        <div class="stdout"><i>Stdout</i><br>
                            <pre>Note: Google Test filter = FarmermarketTest.InvalidAuthenticateUserTest
[==========] Running 1 test from 1 test suite.
[----------] Global test environment set-up.
[----------] 1 test from FarmermarketTest
[ RUN      ] FarmermarketTest.InvalidAuthenticateUserTest
/mnt/c/Users/Bera/Desktop/midtermproject/src/tests/farmermarket/farmermarket_test.cpp:37: Failure
Expected equality of these values:
  result2
    Which is: 1
  -1

[  FAILED  ] FarmermarketTest.InvalidAuthenticateUserTest (1 ms)
[----------] 1 test from FarmermarketTest (1 ms total)

[----------] Global test environment tear-down
[==========] 1 test from 1 test suite ran. (1 ms total)
[  PASSED  ] 0 tests.
[  FAILED  ] 1 test, listed below:
[  FAILED  ] FarmermarketTest.InvalidAuthenticateUserTest

 1 FAILED TEST
</pre>
                        </div>
                        
                        
                    </div>
                
                </div>
            </div>
            
            <div class="testclass">
                <h4>FarmermarketTest.UserAuthenticationLoginTest</h4>
                <div class="testcases">
                
                    <div class="test outcome outcome-passed">
                        <a id="7eacddab-ccd9-4670-ba91-40ab5e46250c"></a>
                        <table class="proplist">
                            <tr><th>Test case:</th><td><b>FarmermarketTest.UserAuthenticationLoginTest</b></td></tr>
                            <tr><th>Outcome:</th><td>Passed</td></tr>
                            <tr><th>Duration:</th><td>0.038 sec</td></tr>
                        
                            <tr><th>Failed</th><td>None</td></tr>
                        
                        
                        </table>

                        
                        <pre>None</pre>
                        
                        

                        
                        
                        <div class="stdout"><i>Stdout</i><br>
                            <pre>Note: Google Test filter = FarmermarketTest.UserAuthenticationLoginTest
[==========] Running 1 test from 1 test suite.
[----------] Global test environment set-up.
[----------] 1 test from FarmermarketTest
[ RUN      ] FarmermarketTest.UserAuthenticationLoginTest
[       OK ] FarmermarketTest.UserAuthenticationLoginTest (3 ms)
[----------] 1 test from FarmermarketTest (3 ms total)

[----------] Global test environment tear-down
[==========] 1 test from 1 test suite ran. (3 ms total)
[  PASSED  ] 1 test.
libgcov profiling error:/mnt/c/Users/Bera/Desktop/midtermproject/build_linux/src/tests/googletest-build/googletest/CMakeFiles/gtest.dir/src/gtest-all.cc.gcda:Merge mismatch for function 2640
</pre>
                        </div>
                        
                        
                    </div>
                
                </div>
            </div>
            
            <div class="testclass">
                <h4>FarmermarketTest.UserAuthenticationLoginInvalidTest</h4>
                <div class="testcases">
                
                    <div class="test outcome outcome-passed">
                        <a id="c82b82f6-bc6e-414a-8ea1-1c6dc9474a2c"></a>
                        <table class="proplist">
                            <tr><th>Test case:</th><td><b>FarmermarketTest.UserAuthenticationLoginInvalidTest</b></td></tr>
                            <tr><th>Outcome:</th><td>Passed</td></tr>
                            <tr><th>Duration:</th><td>0.038 sec</td></tr>
                        
                            <tr><th>Failed</th><td>None</td></tr>
                        
                        
                        </table>

                        
                        <pre>None</pre>
                        
                        

                        
                        
                        <div class="stdout"><i>Stdout</i><br>
                            <pre>Note: Google Test filter = FarmermarketTest.UserAuthenticationLoginInvalidTest
[==========] Running 1 test from 1 test suite.
[----------] Global test environment set-up.
[----------] 1 test from FarmermarketTest
[ RUN      ] FarmermarketTest.UserAuthenticationLoginInvalidTest
[       OK ] FarmermarketTest.UserAuthenticationLoginInvalidTest (8 ms)
[----------] 1 test from FarmermarketTest (8 ms total)

[----------] Global test environment tear-down
[==========] 1 test from 1 test suite ran. (8 ms total)
[  PASSED  ] 1 test.
libgcov profiling error:/mnt/c/Users/Bera/Desktop/midtermproject/build_linux/src/tests/googletest-build/googletest/CMakeFiles/gtest.dir/src/gtest-all.cc.gcda:Merge mismatch for function 2640
</pre>
                        </div>
                        
                        
                    </div>
                
                </div>
            </div>
            
            <div class="testclass">
                <h4>FarmermarketTest.UserAuthenticationRegisterTest</h4>
                <div class="testcases">
                
                    <div class="test outcome outcome-passed">
                        <a id="052154ef-5696-43aa-b061-df166ebc4b61"></a>
                        <table class="proplist">
                            <tr><th>Test case:</th><td><b>FarmermarketTest.UserAuthenticationRegisterTest</b></td></tr>
                            <tr><th>Outcome:</th><td>Passed</td></tr>
                            <tr><th>Duration:</th><td>0.037 sec</td></tr>
                        
                            <tr><th>Failed</th><td>None</td></tr>
                        
                        
                        </table>

                        
                        <pre>None</pre>
                        
                        

                        
                        
                        <div class="stdout"><i>Stdout</i><br>
                            <pre>Note: Google Test filter = FarmermarketTest.UserAuthenticationRegisterTest
[==========] Running 1 test from 1 test suite.
[----------] Global test environment set-up.
[----------] 1 test from FarmermarketTest
[ RUN      ] FarmermarketTest.UserAuthenticationRegisterTest
[       OK ] FarmermarketTest.UserAuthenticationRegisterTest (1 ms)
[----------] 1 test from FarmermarketTest (1 ms total)

[----------] Global test environment tear-down
[==========] 1 test from 1 test suite ran. (1 ms total)
[  PASSED  ] 1 test.
libgcov profiling error:/mnt/c/Users/Bera/Desktop/midtermproject/build_linux/src/tests/googletest-build/googletest/CMakeFiles/gtest.dir/src/gtest-all.cc.gcda:Merge mismatch for function 2640
</pre>
                        </div>
                        
                        
                    </div>
                
                </div>
            </div>
            
            <div class="testclass">
                <h4>FarmermarketTest.LoginGuestModeTest</h4>
                <div class="testcases">
                
                    <div class="test outcome outcome-passed">
                        <a id="c6c6b8a4-e227-4517-9a2c-a72395d9f6f1"></a>
                        <table class="proplist">
                            <tr><th>Test case:</th><td><b>FarmermarketTest.LoginGuestModeTest</b></td></tr>
                            <tr><th>Outcome:</th><td>Passed</td></tr>
                            <tr><th>Duration:</th><td>0.028 sec</td></tr>
                        
                            <tr><th>Failed</th><td>None</td></tr>
                        
                        
                        </table>

                        
                        <pre>None</pre>
                        
                        

                        
                        
                        <div class="stdout"><i>Stdout</i><br>
                            <pre>Note: Google Test filter = FarmermarketTest.LoginGuestModeTest
[==========] Running 1 test from 1 test suite.
[----------] Global test environment set-up.
[----------] 1 test from FarmermarketTest
[ RUN      ] FarmermarketTest.LoginGuestModeTest
[       OK ] FarmermarketTest.LoginGuestModeTest (2 ms)
[----------] 1 test from FarmermarketTest (2 ms total)

[----------] Global test environment tear-down
[==========] 1 test from 1 test suite ran. (2 ms total)
[  PASSED  ] 1 test.
libgcov profiling error:/mnt/c/Users/Bera/Desktop/midtermproject/build_linux/src/tests/googletest-build/googletest/CMakeFiles/gtest.dir/src/gtest-all.cc.gcda:Merge mismatch for function 2640
</pre>
                        </div>
                        
                        
                    </div>
                
                </div>
            </div>
            
            <div class="testclass">
                <h4>FarmermarketTest.ExitUserAuthenticationTest</h4>
                <div class="testcases">
                
                    <div class="test outcome outcome-passed">
                        <a id="6f15866b-c653-4323-bc4e-d690951e2197"></a>
                        <table class="proplist">
                            <tr><th>Test case:</th><td><b>FarmermarketTest.ExitUserAuthenticationTest</b></td></tr>
                            <tr><th>Outcome:</th><td>Passed</td></tr>
                            <tr><th>Duration:</th><td>0.019 sec</td></tr>
                        
                            <tr><th>Failed</th><td>None</td></tr>
                        
                        
                        </table>

                        
                        <pre>None</pre>
                        
                        

                        
                        
                        <div class="stdout"><i>Stdout</i><br>
                            <pre>Note: Google Test filter = FarmermarketTest.ExitUserAuthenticationTest
[==========] Running 1 test from 1 test suite.
[----------] Global test environment set-up.
[----------] 1 test from FarmermarketTest
[ RUN      ] FarmermarketTest.ExitUserAuthenticationTest
[       OK ] FarmermarketTest.ExitUserAuthenticationTest (1 ms)
[----------] 1 test from FarmermarketTest (1 ms total)

[----------] Global test environment tear-down
[==========] 1 test from 1 test suite ran. (1 ms total)
[  PASSED  ] 1 test.
libgcov profiling error:/mnt/c/Users/Bera/Desktop/midtermproject/build_linux/src/tests/googletest-build/googletest/CMakeFiles/gtest.dir/src/gtest-all.cc.gcda:Merge mismatch for function 2640
</pre>
                        </div>
                        
                        
                    </div>
                
                </div>
            </div>
            
            <div class="testclass">
                <h4>FarmermarketTest.UserAuthenticationInvalidInputTest</h4>
                <div class="testcases">
                
                    <div class="test outcome outcome-passed">
                        <a id="7aff5c8b-72a0-4bd8-92a4-bacae04bdbb8"></a>
                        <table class="proplist">
                            <tr><th>Test case:</th><td><b>FarmermarketTest.UserAuthenticationInvalidInputTest</b></td></tr>
                            <tr><th>Outcome:</th><td>Passed</td></tr>
                            <tr><th>Duration:</th><td>0.015 sec</td></tr>
                        
                            <tr><th>Failed</th><td>None</td></tr>
                        
                        
                        </table>

                        
                        <pre>None</pre>
                        
                        

                        
                        
                        <div class="stdout"><i>Stdout</i><br>
                            <pre>Note: Google Test filter = FarmermarketTest.UserAuthenticationInvalidInputTest
[==========] Running 1 test from 1 test suite.
[----------] Global test environment set-up.
[----------] 1 test from FarmermarketTest
[ RUN      ] FarmermarketTest.UserAuthenticationInvalidInputTest
[       OK ] FarmermarketTest.UserAuthenticationInvalidInputTest (1 ms)
[----------] 1 test from FarmermarketTest (1 ms total)

[----------] Global test environment tear-down
[==========] 1 test from 1 test suite ran. (1 ms total)
[  PASSED  ] 1 test.
libgcov profiling error:/mnt/c/Users/Bera/Desktop/midtermproject/build_linux/src/tests/googletest-build/googletest/CMakeFiles/gtest.dir/src/gtest-all.cc.gcda:Merge mismatch for function 2640
</pre>
                        </div>
                        
                        
                    </div>
                
                </div>
            </div>
            
        </div>
    </div>
    



<p class="footer">
    Generated by junit2html
</p>
</body>
</html>