<?xml version="1.0" encoding="UTF-8"?>
<testsuite name="(empty)"
	tests="33"
	failures="0"
	disabled="0"
	skipped="0"
	hostname=""
	time="0"
	timestamp="2024-03-16T23:43:40"
	>
	<testcase name="utility_tests" classname="utility_tests" time="0.02838" status="run">
		<system-out>Running main() from /mnt/c/Users/Bera/Desktop/midtermproject/src/tests/googletest/googletest/src/gtest_main.cc
[==========] Running 0 tests from 0 test suites.
[==========] 0 tests from 0 test suites ran. (0 ms total)
[  PASSED  ] 0 tests.
</system-out>
	</testcase>
	<testcase name="FarmermarketTest.SaveandAuthenticateUserTest" classname="FarmermarketTest.SaveandAuthenticateUserTest" time="0.0303058" status="run">
		<system-out>Note: Google Test filter = FarmermarketTest.SaveandAuthenticateUserTest
[==========] Running 1 test from 1 test suite.
[----------] Global test environment set-up.
[----------] 1 test from FarmermarketTest
[ RUN      ] FarmermarketTest.SaveandAuthenticateUserTest
[       OK ] FarmermarketTest.SaveandAuthenticateUserTest (2 ms)
[----------] 1 test from FarmermarketTest (2 ms total)

[----------] Global test environment tear-down
[==========] 1 test from 1 test suite ran. (2 ms total)
[  PASSED  ] 1 test.
</system-out>
	</testcase>
	<testcase name="FarmermarketTest.InvalidAuthenticateUserTest" classname="FarmermarketTest.InvalidAuthenticateUserTest" time="0.0324215" status="run">
		<system-out>Note: Google Test filter = FarmermarketTest.InvalidAuthenticateUserTest
[==========] Running 1 test from 1 test suite.
[----------] Global test environment set-up.
[----------] 1 test from FarmermarketTest
[ RUN      ] FarmermarketTest.InvalidAuthenticateUserTest
[       OK ] FarmermarketTest.InvalidAuthenticateUserTest (0 ms)
[----------] 1 test from FarmermarketTest (0 ms total)

[----------] Global test environment tear-down
[==========] 1 test from 1 test suite ran. (1 ms total)
[  PASSED  ] 1 test.
</system-out>
	</testcase>
	<testcase name="FarmermarketTest.UserAuthenticationLoginTest" classname="FarmermarketTest.UserAuthenticationLoginTest" time="0.0380665" status="run">
		<system-out>Note: Google Test filter = FarmermarketTest.UserAuthenticationLoginTest
[==========] Running 1 test from 1 test suite.
[----------] Global test environment set-up.
[----------] 1 test from FarmermarketTest
[ RUN      ] FarmermarketTest.UserAuthenticationLoginTest
[NON-XML-CHAR-0x1B][H[NON-XML-CHAR-0x1B][2J[NON-XML-CHAR-0x1B][3J[NON-XML-CHAR-0x1B][H[NON-XML-CHAR-0x1B][2J[NON-XML-CHAR-0x1B][3J[       OK ] FarmermarketTest.UserAuthenticationLoginTest (25 ms)
[----------] 1 test from FarmermarketTest (25 ms total)

[----------] Global test environment tear-down
[==========] 1 test from 1 test suite ran. (25 ms total)
[  PASSED  ] 1 test.
</system-out>
	</testcase>
	<testcase name="FarmermarketTest.UserAuthenticationLoginInvalidTest" classname="FarmermarketTest.UserAuthenticationLoginInvalidTest" time="0.0799059" status="run">
		<system-out>Note: Google Test filter = FarmermarketTest.UserAuthenticationLoginInvalidTest
[==========] Running 1 test from 1 test suite.
[----------] Global test environment set-up.
[----------] 1 test from FarmermarketTest
[ RUN      ] FarmermarketTest.UserAuthenticationLoginInvalidTest
[NON-XML-CHAR-0x1B][H[NON-XML-CHAR-0x1B][2J[NON-XML-CHAR-0x1B][3J[NON-XML-CHAR-0x1B][H[NON-XML-CHAR-0x1B][2J[NON-XML-CHAR-0x1B][3J[NON-XML-CHAR-0x1B][H[NON-XML-CHAR-0x1B][2J[NON-XML-CHAR-0x1B][3J[NON-XML-CHAR-0x1B][H[NON-XML-CHAR-0x1B][2J[NON-XML-CHAR-0x1B][3J[       OK ] FarmermarketTest.UserAuthenticationLoginInvalidTest (57 ms)
[----------] 1 test from FarmermarketTest (57 ms total)

[----------] Global test environment tear-down
[==========] 1 test from 1 test suite ran. (57 ms total)
[  PASSED  ] 1 test.
</system-out>
	</testcase>
	<testcase name="FarmermarketTest.UserAuthenticationRegisterTest" classname="FarmermarketTest.UserAuthenticationRegisterTest" time="0.0621556" status="run">
		<system-out>Note: Google Test filter = FarmermarketTest.UserAuthenticationRegisterTest
[==========] Running 1 test from 1 test suite.
[----------] Global test environment set-up.
[----------] 1 test from FarmermarketTest
[ RUN      ] FarmermarketTest.UserAuthenticationRegisterTest
[NON-XML-CHAR-0x1B][H[NON-XML-CHAR-0x1B][2J[NON-XML-CHAR-0x1B][3J[NON-XML-CHAR-0x1B][H[NON-XML-CHAR-0x1B][2J[NON-XML-CHAR-0x1B][3J[NON-XML-CHAR-0x1B][H[NON-XML-CHAR-0x1B][2J[NON-XML-CHAR-0x1B][3J[       OK ] FarmermarketTest.UserAuthenticationRegisterTest (35 ms)
[----------] 1 test from FarmermarketTest (35 ms total)

[----------] Global test environment tear-down
[==========] 1 test from 1 test suite ran. (35 ms total)
[  PASSED  ] 1 test.
</system-out>
	</testcase>
	<testcase name="FarmermarketTest.LoginGuestModeTest" classname="FarmermarketTest.LoginGuestModeTest" time="0.0446171" status="run">
		<system-out>Note: Google Test filter = FarmermarketTest.LoginGuestModeTest
[==========] Running 1 test from 1 test suite.
[----------] Global test environment set-up.
[----------] 1 test from FarmermarketTest
[ RUN      ] FarmermarketTest.LoginGuestModeTest
[NON-XML-CHAR-0x1B][H[NON-XML-CHAR-0x1B][2J[NON-XML-CHAR-0x1B][3J[NON-XML-CHAR-0x1B][H[NON-XML-CHAR-0x1B][2J[NON-XML-CHAR-0x1B][3J[       OK ] FarmermarketTest.LoginGuestModeTest (27 ms)
[----------] 1 test from FarmermarketTest (27 ms total)

[----------] Global test environment tear-down
[==========] 1 test from 1 test suite ran. (27 ms total)
[  PASSED  ] 1 test.
</system-out>
	</testcase>
	<testcase name="FarmermarketTest.ExitUserAuthenticationTest" classname="FarmermarketTest.ExitUserAuthenticationTest" time="0.0584135" status="run">
		<system-out>Note: Google Test filter = FarmermarketTest.ExitUserAuthenticationTest
[==========] Running 1 test from 1 test suite.
[----------] Global test environment set-up.
[----------] 1 test from FarmermarketTest
[ RUN      ] FarmermarketTest.ExitUserAuthenticationTest
[NON-XML-CHAR-0x1B][H[NON-XML-CHAR-0x1B][2J[NON-XML-CHAR-0x1B][3J[NON-XML-CHAR-0x1B][H[NON-XML-CHAR-0x1B][2J[NON-XML-CHAR-0x1B][3J[       OK ] FarmermarketTest.ExitUserAuthenticationTest (26 ms)
[----------] 1 test from FarmermarketTest (26 ms total)

[----------] Global test environment tear-down
[==========] 1 test from 1 test suite ran. (26 ms total)
[  PASSED  ] 1 test.
</system-out>
	</testcase>
	<testcase name="FarmermarketTest.UserAuthenticationInvalidInputTest" classname="FarmermarketTest.UserAuthenticationInvalidInputTest" time="0.0650914" status="run">
		<system-out>Note: Google Test filter = FarmermarketTest.UserAuthenticationInvalidInputTest
[==========] Running 1 test from 1 test suite.
[----------] Global test environment set-up.
[----------] 1 test from FarmermarketTest
[ RUN      ] FarmermarketTest.UserAuthenticationInvalidInputTest
[NON-XML-CHAR-0x1B][H[NON-XML-CHAR-0x1B][2J[NON-XML-CHAR-0x1B][3J[NON-XML-CHAR-0x1B][H[NON-XML-CHAR-0x1B][2J[NON-XML-CHAR-0x1B][3J[NON-XML-CHAR-0x1B][H[NON-XML-CHAR-0x1B][2J[NON-XML-CHAR-0x1B][3J[       OK ] FarmermarketTest.UserAuthenticationInvalidInputTest (31 ms)
[----------] 1 test from FarmermarketTest (31 ms total)

[----------] Global test environment tear-down
[==========] 1 test from 1 test suite ran. (31 ms total)
[  PASSED  ] 1 test.
</system-out>
	</testcase>
	<testcase name="FarmermarketTest.HandlePointerSwap" classname="FarmermarketTest.HandlePointerSwap" time="0.0274624" status="run">
		<system-out>Note: Google Test filter = FarmermarketTest.HandlePointerSwap
[==========] Running 1 test from 1 test suite.
[----------] Global test environment set-up.
[----------] 1 test from FarmermarketTest
[ RUN      ] FarmermarketTest.HandlePointerSwap
[       OK ] FarmermarketTest.HandlePointerSwap (1 ms)
[----------] 1 test from FarmermarketTest (1 ms total)

[----------] Global test environment tear-down
[==========] 1 test from 1 test suite ran. (1 ms total)
[  PASSED  ] 1 test.
</system-out>
	</testcase>
	<testcase name="FarmermarketTest.HandleSorting" classname="FarmermarketTest.HandleSorting" time="0.0282018" status="run">
		<system-out>Note: Google Test filter = FarmermarketTest.HandleSorting
[==========] Running 1 test from 1 test suite.
[----------] Global test environment set-up.
[----------] 1 test from FarmermarketTest
[ RUN      ] FarmermarketTest.HandleSorting
[       OK ] FarmermarketTest.HandleSorting (1 ms)
[----------] 1 test from FarmermarketTest (1 ms total)

[----------] Global test environment tear-down
[==========] 1 test from 1 test suite ran. (1 ms total)
[  PASSED  ] 1 test.
</system-out>
	</testcase>
	<testcase name="FarmermarketTest.FindElement" classname="FarmermarketTest.FindElement" time="0.0289367" status="run">
		<system-out>Note: Google Test filter = FarmermarketTest.FindElement
[==========] Running 1 test from 1 test suite.
[----------] Global test environment set-up.
[----------] 1 test from FarmermarketTest
[ RUN      ] FarmermarketTest.FindElement
[       OK ] FarmermarketTest.FindElement (0 ms)
[----------] 1 test from FarmermarketTest (0 ms total)

[----------] Global test environment tear-down
[==========] 1 test from 1 test suite ran. (1 ms total)
[  PASSED  ] 1 test.
</system-out>
	</testcase>
	<testcase name="FarmermarketTest.SearchInArray" classname="FarmermarketTest.SearchInArray" time="0.0357872" status="run">
		<system-out>Note: Google Test filter = FarmermarketTest.SearchInArray
[==========] Running 1 test from 1 test suite.
[----------] Global test environment set-up.
[----------] 1 test from FarmermarketTest
[ RUN      ] FarmermarketTest.SearchInArray
[       OK ] FarmermarketTest.SearchInArray (0 ms)
[----------] 1 test from FarmermarketTest (0 ms total)

[----------] Global test environment tear-down
[==========] 1 test from 1 test suite ran. (1 ms total)
[  PASSED  ] 1 test.
</system-out>
	</testcase>
	<testcase name="FarmermarketTest.VendorSearchTest" classname="FarmermarketTest.VendorSearchTest" time="0.0345644" status="run">
		<system-out>Note: Google Test filter = FarmermarketTest.VendorSearchTest
[==========] Running 1 test from 1 test suite.
[----------] Global test environment set-up.
[----------] 1 test from FarmermarketTest
[ RUN      ] FarmermarketTest.VendorSearchTest
[NON-XML-CHAR-0x1B][H[NON-XML-CHAR-0x1B][2J[NON-XML-CHAR-0x1B][3J[       OK ] FarmermarketTest.VendorSearchTest (11 ms)
[----------] 1 test from FarmermarketTest (11 ms total)

[----------] Global test environment tear-down
[==========] 1 test from 1 test suite ran. (11 ms total)
[  PASSED  ] 1 test.
</system-out>
	</testcase>
	<testcase name="FarmermarketTest.VendorNotFoundTest" classname="FarmermarketTest.VendorNotFoundTest" time="0.0348019" status="run">
		<system-out>Note: Google Test filter = FarmermarketTest.VendorNotFoundTest
[==========] Running 1 test from 1 test suite.
[----------] Global test environment set-up.
[----------] 1 test from FarmermarketTest
[ RUN      ] FarmermarketTest.VendorNotFoundTest
[NON-XML-CHAR-0x1B][H[NON-XML-CHAR-0x1B][2J[NON-XML-CHAR-0x1B][3J[       OK ] FarmermarketTest.VendorNotFoundTest (10 ms)
[----------] 1 test from FarmermarketTest (11 ms total)

[----------] Global test environment tear-down
[==========] 1 test from 1 test suite ran. (11 ms total)
[  PASSED  ] 1 test.
</system-out>
	</testcase>
	<testcase name="FarmermarketTest.ProductSearchTest" classname="FarmermarketTest.ProductSearchTest" time="0.0343791" status="run">
		<system-out>Note: Google Test filter = FarmermarketTest.ProductSearchTest
[==========] Running 1 test from 1 test suite.
[----------] Global test environment set-up.
[----------] 1 test from FarmermarketTest
[ RUN      ] FarmermarketTest.ProductSearchTest
[NON-XML-CHAR-0x1B][H[NON-XML-CHAR-0x1B][2J[NON-XML-CHAR-0x1B][3J[       OK ] FarmermarketTest.ProductSearchTest (11 ms)
[----------] 1 test from FarmermarketTest (11 ms total)

[----------] Global test environment tear-down
[==========] 1 test from 1 test suite ran. (11 ms total)
[  PASSED  ] 1 test.
</system-out>
	</testcase>
	<testcase name="FarmermarketTest.ProductNotFoundTest" classname="FarmermarketTest.ProductNotFoundTest" time="0.0559157" status="run">
		<system-out>Note: Google Test filter = FarmermarketTest.ProductNotFoundTest
[==========] Running 1 test from 1 test suite.
[----------] Global test environment set-up.
[----------] 1 test from FarmermarketTest
[ RUN      ] FarmermarketTest.ProductNotFoundTest
[NON-XML-CHAR-0x1B][H[NON-XML-CHAR-0x1B][2J[NON-XML-CHAR-0x1B][3J[NON-XML-CHAR-0x1B][H[NON-XML-CHAR-0x1B][2J[NON-XML-CHAR-0x1B][3J[NON-XML-CHAR-0x1B][H[NON-XML-CHAR-0x1B][2J[NON-XML-CHAR-0x1B][3J[NON-XML-CHAR-0x1B][H[NON-XML-CHAR-0x1B][2J[NON-XML-CHAR-0x1B][3J[NON-XML-CHAR-0x1B][H[NON-XML-CHAR-0x1B][2J[NON-XML-CHAR-0x1B][3J[       OK ] FarmermarketTest.ProductNotFoundTest (41 ms)
[----------] 1 test from FarmermarketTest (41 ms total)

[----------] Global test environment tear-down
[==========] 1 test from 1 test suite ran. (41 ms total)
[  PASSED  ] 1 test.
</system-out>
	</testcase>
	<testcase name="FarmermarketTest.ListingInfosMenuValidOptionTest1" classname="FarmermarketTest.ListingInfosMenuValidOptionTest1" time="0.0575659" status="run">
		<system-out>Note: Google Test filter = FarmermarketTest.ListingInfosMenuValidOptionTest1
[==========] Running 1 test from 1 test suite.
[----------] Global test environment set-up.
[----------] 1 test from FarmermarketTest
[ RUN      ] FarmermarketTest.ListingInfosMenuValidOptionTest1
[NON-XML-CHAR-0x1B][H[NON-XML-CHAR-0x1B][2J[NON-XML-CHAR-0x1B][3J[NON-XML-CHAR-0x1B][H[NON-XML-CHAR-0x1B][2J[NON-XML-CHAR-0x1B][3J[NON-XML-CHAR-0x1B][H[NON-XML-CHAR-0x1B][2J[NON-XML-CHAR-0x1B][3J[NON-XML-CHAR-0x1B][H[NON-XML-CHAR-0x1B][2J[NON-XML-CHAR-0x1B][3J[       OK ] FarmermarketTest.ListingInfosMenuValidOptionTest1 (34 ms)
[----------] 1 test from FarmermarketTest (34 ms total)

[----------] Global test environment tear-down
[==========] 1 test from 1 test suite ran. (34 ms total)
[  PASSED  ] 1 test.
</system-out>
	</testcase>
	<testcase name="FarmermarketTest.ListingInfosMenuValidOptionTest2" classname="FarmermarketTest.ListingInfosMenuValidOptionTest2" time="0.0572206" status="run">
		<system-out>Note: Google Test filter = FarmermarketTest.ListingInfosMenuValidOptionTest2
[==========] Running 1 test from 1 test suite.
[----------] Global test environment set-up.
[----------] 1 test from FarmermarketTest
[ RUN      ] FarmermarketTest.ListingInfosMenuValidOptionTest2
[NON-XML-CHAR-0x1B][H[NON-XML-CHAR-0x1B][2J[NON-XML-CHAR-0x1B][3J[NON-XML-CHAR-0x1B][H[NON-XML-CHAR-0x1B][2J[NON-XML-CHAR-0x1B][3J[NON-XML-CHAR-0x1B][H[NON-XML-CHAR-0x1B][2J[NON-XML-CHAR-0x1B][3J[NON-XML-CHAR-0x1B][H[NON-XML-CHAR-0x1B][2J[NON-XML-CHAR-0x1B][3J[       OK ] FarmermarketTest.ListingInfosMenuValidOptionTest2 (33 ms)
[----------] 1 test from FarmermarketTest (33 ms total)

[----------] Global test environment tear-down
[==========] 1 test from 1 test suite ran. (33 ms total)
[  PASSED  ] 1 test.
</system-out>
	</testcase>
	<testcase name="FarmermarketTest.ListingInfosMenuInvalidOptionTest" classname="FarmermarketTest.ListingInfosMenuInvalidOptionTest" time="0.0575417" status="run">
		<system-out>Note: Google Test filter = FarmermarketTest.ListingInfosMenuInvalidOptionTest
[==========] Running 1 test from 1 test suite.
[----------] Global test environment set-up.
[----------] 1 test from FarmermarketTest
[ RUN      ] FarmermarketTest.ListingInfosMenuInvalidOptionTest
[NON-XML-CHAR-0x1B][H[NON-XML-CHAR-0x1B][2J[NON-XML-CHAR-0x1B][3J[NON-XML-CHAR-0x1B][H[NON-XML-CHAR-0x1B][2J[NON-XML-CHAR-0x1B][3J[NON-XML-CHAR-0x1B][H[NON-XML-CHAR-0x1B][2J[NON-XML-CHAR-0x1B][3J[       OK ] FarmermarketTest.ListingInfosMenuInvalidOptionTest (25 ms)
[----------] 1 test from FarmermarketTest (25 ms total)

[----------] Global test environment tear-down
[==========] 1 test from 1 test suite ran. (26 ms total)
[  PASSED  ] 1 test.
</system-out>
	</testcase>
	<testcase name="FarmermarketTest.ListingInfosMenuInvalidOptionTestWithNumber" classname="FarmermarketTest.ListingInfosMenuInvalidOptionTestWithNumber" time="0.0578548" status="run">
		<system-out>Note: Google Test filter = FarmermarketTest.ListingInfosMenuInvalidOptionTestWithNumber
[==========] Running 1 test from 1 test suite.
[----------] Global test environment set-up.
[----------] 1 test from FarmermarketTest
[ RUN      ] FarmermarketTest.ListingInfosMenuInvalidOptionTestWithNumber
[NON-XML-CHAR-0x1B][H[NON-XML-CHAR-0x1B][2J[NON-XML-CHAR-0x1B][3J[NON-XML-CHAR-0x1B][H[NON-XML-CHAR-0x1B][2J[NON-XML-CHAR-0x1B][3J[NON-XML-CHAR-0x1B][H[NON-XML-CHAR-0x1B][2J[NON-XML-CHAR-0x1B][3J[       OK ] FarmermarketTest.ListingInfosMenuInvalidOptionTestWithNumber (36 ms)
[----------] 1 test from FarmermarketTest (36 ms total)

[----------] Global test environment tear-down
[==========] 1 test from 1 test suite ran. (36 ms total)
[  PASSED  ] 1 test.
</system-out>
	</testcase>
	<testcase name="FarmermarketTest.InsertMinHeapWhenFullTest" classname="FarmermarketTest.InsertMinHeapWhenFullTest" time="0.0264621" status="run">
		<system-out>Note: Google Test filter = FarmermarketTest.InsertMinHeapWhenFullTest
[==========] Running 1 test from 1 test suite.
[----------] Global test environment set-up.
[----------] 1 test from FarmermarketTest
[ RUN      ] FarmermarketTest.InsertMinHeapWhenFullTest
[       OK ] FarmermarketTest.InsertMinHeapWhenFullTest (1 ms)
[----------] 1 test from FarmermarketTest (1 ms total)

[----------] Global test environment tear-down
[==========] 1 test from 1 test suite ran. (1 ms total)
[  PASSED  ] 1 test.
</system-out>
	</testcase>
	<testcase name="FarmermarketTest.RemoveMinWithReinsertionTest" classname="FarmermarketTest.RemoveMinWithReinsertionTest" time="0.0265751" status="run">
		<system-out>Note: Google Test filter = FarmermarketTest.RemoveMinWithReinsertionTest
[==========] Running 1 test from 1 test suite.
[----------] Global test environment set-up.
[----------] 1 test from FarmermarketTest
[ RUN      ] FarmermarketTest.RemoveMinWithReinsertionTest
[       OK ] FarmermarketTest.RemoveMinWithReinsertionTest (1 ms)
[----------] 1 test from FarmermarketTest (1 ms total)

[----------] Global test environment tear-down
[==========] 1 test from 1 test suite ran. (1 ms total)
[  PASSED  ] 1 test.
</system-out>
	</testcase>
	<testcase name="FarmermarketTest.SaveProductSeasonTest" classname="FarmermarketTest.SaveProductSeasonTest" time="0.039215" status="run">
		<system-out>Note: Google Test filter = FarmermarketTest.SaveProductSeasonTest
[==========] Running 1 test from 1 test suite.
[----------] Global test environment set-up.
[----------] 1 test from FarmermarketTest
[ RUN      ] FarmermarketTest.SaveProductSeasonTest
[       OK ] FarmermarketTest.SaveProductSeasonTest (7 ms)
[----------] 1 test from FarmermarketTest (7 ms total)

[----------] Global test environment tear-down
[==========] 1 test from 1 test suite ran. (8 ms total)
[  PASSED  ] 1 test.
</system-out>
	</testcase>
	<testcase name="FarmermarketTest.LoadProductSeasonsAndPrintTest" classname="FarmermarketTest.LoadProductSeasonsAndPrintTest" time="0.0403575" status="run">
		<system-out>Note: Google Test filter = FarmermarketTest.LoadProductSeasonsAndPrintTest
[==========] Running 1 test from 1 test suite.
[----------] Global test environment set-up.
[----------] 1 test from FarmermarketTest
[ RUN      ] FarmermarketTest.LoadProductSeasonsAndPrintTest
[       OK ] FarmermarketTest.LoadProductSeasonsAndPrintTest (6 ms)
[----------] 1 test from FarmermarketTest (6 ms total)

[----------] Global test environment tear-down
[==========] 1 test from 1 test suite ran. (6 ms total)
[  PASSED  ] 1 test.
</system-out>
	</testcase>
	<testcase name="FarmermarketTest.SeasonalProduceGuideTest" classname="FarmermarketTest.SeasonalProduceGuideTest" time="0.113179" status="run">
		<system-out>Note: Google Test filter = FarmermarketTest.SeasonalProduceGuideTest
[==========] Running 1 test from 1 test suite.
[----------] Global test environment set-up.
[----------] 1 test from FarmermarketTest
[ RUN      ] FarmermarketTest.SeasonalProduceGuideTest
[NON-XML-CHAR-0x1B][H[NON-XML-CHAR-0x1B][2J[NON-XML-CHAR-0x1B][3J[NON-XML-CHAR-0x1B][H[NON-XML-CHAR-0x1B][2J[NON-XML-CHAR-0x1B][3J[NON-XML-CHAR-0x1B][H[NON-XML-CHAR-0x1B][2J[NON-XML-CHAR-0x1B][3J[NON-XML-CHAR-0x1B][H[NON-XML-CHAR-0x1B][2J[NON-XML-CHAR-0x1B][3J[NON-XML-CHAR-0x1B][H[NON-XML-CHAR-0x1B][2J[NON-XML-CHAR-0x1B][3J[NON-XML-CHAR-0x1B][H[NON-XML-CHAR-0x1B][2J[NON-XML-CHAR-0x1B][3J[NON-XML-CHAR-0x1B][H[NON-XML-CHAR-0x1B][2J[NON-XML-CHAR-0x1B][3J[NON-XML-CHAR-0x1B][H[NON-XML-CHAR-0x1B][2J[NON-XML-CHAR-0x1B][3J[NON-XML-CHAR-0x1B][H[NON-XML-CHAR-0x1B][2J[NON-XML-CHAR-0x1B][3J[NON-XML-CHAR-0x1B][H[NON-XML-CHAR-0x1B][2J[NON-XML-CHAR-0x1B][3J[NON-XML-CHAR-0x1B][H[NON-XML-CHAR-0x1B][2J[NON-XML-CHAR-0x1B][3J[       OK ] FarmermarketTest.SeasonalProduceGuideTest (98 ms)
[----------] 1 test from FarmermarketTest (98 ms total)

[----------] Global test environment tear-down
[==========] 1 test from 1 test suite ran. (99 ms total)
[  PASSED  ] 1 test.
</system-out>
	</testcase>
	<testcase name="FarmermarketTest.LongestCommonSubsequenceTest" classname="FarmermarketTest.LongestCommonSubsequenceTest" time="0.028038" status="run">
		<system-out>Note: Google Test filter = FarmermarketTest.LongestCommonSubsequenceTest
[==========] Running 1 test from 1 test suite.
[----------] Global test environment set-up.
[----------] 1 test from FarmermarketTest
[ RUN      ] FarmermarketTest.LongestCommonSubsequenceTest
[       OK ] FarmermarketTest.LongestCommonSubsequenceTest (1 ms)
[----------] 1 test from FarmermarketTest (1 ms total)

[----------] Global test environment tear-down
[==========] 1 test from 1 test suite ran. (1 ms total)
[  PASSED  ] 1 test.
</system-out>
	</testcase>
	<testcase name="FarmermarketTest.CompareAndPrintLCSTest" classname="FarmermarketTest.CompareAndPrintLCSTest" time="0.0291337" status="run">
		<system-out>Note: Google Test filter = FarmermarketTest.CompareAndPrintLCSTest
[==========] Running 1 test from 1 test suite.
[----------] Global test environment set-up.
[----------] 1 test from FarmermarketTest
[ RUN      ] FarmermarketTest.CompareAndPrintLCSTest
[       OK ] FarmermarketTest.CompareAndPrintLCSTest (1 ms)
[----------] 1 test from FarmermarketTest (1 ms total)

[----------] Global test environment tear-down
[==========] 1 test from 1 test suite ran. (1 ms total)
[  PASSED  ] 1 test.
</system-out>
	</testcase>
	<testcase name="FarmermarketTest.MaxFunctionTest" classname="FarmermarketTest.MaxFunctionTest" time="0.0296289" status="run">
		<system-out>Note: Google Test filter = FarmermarketTest.MaxFunctionTest
[==========] Running 1 test from 1 test suite.
[----------] Global test environment set-up.
[----------] 1 test from FarmermarketTest
[ RUN      ] FarmermarketTest.MaxFunctionTest
[       OK ] FarmermarketTest.MaxFunctionTest (1 ms)
[----------] 1 test from FarmermarketTest (1 ms total)

[----------] Global test environment tear-down
[==========] 1 test from 1 test suite ran. (1 ms total)
[  PASSED  ] 1 test.
</system-out>
	</testcase>
	<testcase name="FarmermarketTest.SuggestPurchasesTest" classname="FarmermarketTest.SuggestPurchasesTest" time="0.0282507" status="run">
		<system-out>Note: Google Test filter = FarmermarketTest.SuggestPurchasesTest
[==========] Running 1 test from 1 test suite.
[----------] Global test environment set-up.
[----------] 1 test from FarmermarketTest
[ RUN      ] FarmermarketTest.SuggestPurchasesTest
[       OK ] FarmermarketTest.SuggestPurchasesTest (1 ms)
[----------] 1 test from FarmermarketTest (1 ms total)

[----------] Global test environment tear-down
[==========] 1 test from 1 test suite ran. (1 ms total)
[  PASSED  ] 1 test.
</system-out>
	</testcase>
	<testcase name="FarmermarketTest.CompareProductsTest" classname="FarmermarketTest.CompareProductsTest" time="0.0255516" status="run">
		<system-out>Note: Google Test filter = FarmermarketTest.CompareProductsTest
[==========] Running 1 test from 1 test suite.
[----------] Global test environment set-up.
[----------] 1 test from FarmermarketTest
[ RUN      ] FarmermarketTest.CompareProductsTest
[       OK ] FarmermarketTest.CompareProductsTest (1 ms)
[----------] 1 test from FarmermarketTest (1 ms total)

[----------] Global test environment tear-down
[==========] 1 test from 1 test suite ran. (1 ms total)
[  PASSED  ] 1 test.
</system-out>
	</testcase>
	<testcase name="FarmermarketTest.CompareProductsTestInvalid" classname="FarmermarketTest.CompareProductsTestInvalid" time="0.0165856" status="run">
		<system-out>Note: Google Test filter = FarmermarketTest.CompareProductsTestInvalid
[==========] Running 1 test from 1 test suite.
[----------] Global test environment set-up.
[----------] 1 test from FarmermarketTest
[ RUN      ] FarmermarketTest.CompareProductsTestInvalid
[       OK ] FarmermarketTest.CompareProductsTestInvalid (1 ms)
[----------] 1 test from FarmermarketTest (1 ms total)

[----------] Global test environment tear-down
[==========] 1 test from 1 test suite ran. (1 ms total)
[  PASSED  ] 1 test.
</system-out>
	</testcase>
	<testcase name="FarmermarketTest.BuyProductsTestInvalid" classname="FarmermarketTest.BuyProductsTestInvalid" time="0.0163235" status="run">
		<system-out>Note: Google Test filter = FarmermarketTest.BuyProductsTestInvalid
[==========] Running 1 test from 1 test suite.
[----------] Global test environment set-up.
[----------] 1 test from FarmermarketTest
[ RUN      ] FarmermarketTest.BuyProductsTestInvalid
[       OK ] FarmermarketTest.BuyProductsTestInvalid (1 ms)
[----------] 1 test from FarmermarketTest (1 ms total)

[----------] Global test environment tear-down
[==========] 1 test from 1 test suite ran. (1 ms total)
[  PASSED  ] 1 test.
</system-out>
	</testcase>
</testsuite>
