<?xml version="1.0" encoding="UTF-8"?>
<testsuite name="(empty)"
	tests="42"
	failures="0"
	disabled="0"
	skipped="0"
	hostname=""
	time="1"
	timestamp="2024-03-23T14:38:37"
	>
	<testcase name="utility_tests" classname="utility_tests" time="0.0110197" status="run">
		<system-out>Running main() from /mnt/c/Users/Bera/Desktop/midtermproject/src/tests/googletest/googletest/src/gtest_main.cc
[==========] Running 0 tests from 0 test suites.
[==========] 0 tests from 0 test suites ran. (0 ms total)
[  PASSED  ] 0 tests.
</system-out>
	</testcase>
	<testcase name="FarmermarketTest.SaveandAuthenticateUserTest" classname="FarmermarketTest.SaveandAuthenticateUserTest" time="0.0197039" status="run">
		<system-out>Note: Google Test filter = FarmermarketTest.SaveandAuthenticateUserTest
[==========] Running 1 test from 1 test suite.
[----------] Global test environment set-up.
[----------] 1 test from FarmermarketTest
[ RUN      ] FarmermarketTest.SaveandAuthenticateUserTest
[       OK ] FarmermarketTest.SaveandAuthenticateUserTest (8 ms)
[----------] 1 test from FarmermarketTest (8 ms total)

[----------] Global test environment tear-down
[==========] 1 test from 1 test suite ran. (8 ms total)
[  PASSED  ] 1 test.
</system-out>
	</testcase>
	<testcase name="FarmermarketTest.InvalidAuthenticateUserTest" classname="FarmermarketTest.InvalidAuthenticateUserTest" time="0.0117741" status="run">
		<system-out>Note: Google Test filter = FarmermarketTest.InvalidAuthenticateUserTest
[==========] Running 1 test from 1 test suite.
[----------] Global test environment set-up.
[----------] 1 test from FarmermarketTest
[ RUN      ] FarmermarketTest.InvalidAuthenticateUserTest
[       OK ] FarmermarketTest.InvalidAuthenticateUserTest (0 ms)
[----------] 1 test from FarmermarketTest (0 ms total)

[----------] Global test environment tear-down
[==========] 1 test from 1 test suite ran. (0 ms total)
[  PASSED  ] 1 test.
</system-out>
	</testcase>
	<testcase name="FarmermarketTest.UserAuthenticationLoginTest" classname="FarmermarketTest.UserAuthenticationLoginTest" time="0.0386744" status="run">
		<system-out>Note: Google Test filter = FarmermarketTest.UserAuthenticationLoginTest
[==========] Running 1 test from 1 test suite.
[----------] Global test environment set-up.
[----------] 1 test from FarmermarketTest
[ RUN      ] FarmermarketTest.UserAuthenticationLoginTest
</system-out>
	</testcase>
	<testcase name="FarmermarketTest.UserAuthenticationRegisterTest" classname="FarmermarketTest.UserAuthenticationRegisterTest" time="0.0426212" status="run">
		<system-out>Note: Google Test filter = FarmermarketTest.UserAuthenticationRegisterTest
[==========] Running 1 test from 1 test suite.
[----------] Global test environment set-up.
[----------] 1 test from FarmermarketTest
[ RUN      ] FarmermarketTest.UserAuthenticationRegisterTest
</system-out>
	</testcase>
	<testcase name="FarmermarketTest.LoginGuestModeTest" classname="FarmermarketTest.LoginGuestModeTest" time="0.0345905" status="run">
		<system-out>Note: Google Test filter = FarmermarketTest.LoginGuestModeTest
[==========] Running 1 test from 1 test suite.
[----------] Global test environment set-up.
[----------] 1 test from FarmermarketTest
[ RUN      ] FarmermarketTest.LoginGuestModeTest
</system-out>
	</testcase>
	<testcase name="FarmermarketTest.ExitUserAuthenticationTest" classname="FarmermarketTest.ExitUserAuthenticationTest" time="0.0340359" status="run">
		<system-out>Note: Google Test filter = FarmermarketTest.ExitUserAuthenticationTest
[==========] Running 1 test from 1 test suite.
[----------] Global test environment set-up.
[----------] 1 test from FarmermarketTest
[ RUN      ] FarmermarketTest.ExitUserAuthenticationTest
</system-out>
	</testcase>
	<testcase name="FarmermarketTest.UserAuthenticationInvalidInputTest" classname="FarmermarketTest.UserAuthenticationInvalidInputTest" time="0.0604699" status="run">
		<system-out>Note: Google Test filter = FarmermarketTest.UserAuthenticationInvalidInputTest
[==========] Running 1 test from 1 test suite.
[----------] Global test environment set-up.
[----------] 1 test from FarmermarketTest
[ RUN      ] FarmermarketTest.UserAuthenticationInvalidInputTest
</system-out>
	</testcase>
	<testcase name="FarmermarketTest.HandlePointerSwap" classname="FarmermarketTest.HandlePointerSwap" time="0.0120264" status="run">
		<system-out>Note: Google Test filter = FarmermarketTest.HandlePointerSwap
[==========] Running 1 test from 1 test suite.
[----------] Global test environment set-up.
[----------] 1 test from FarmermarketTest
[ RUN      ] FarmermarketTest.HandlePointerSwap
[       OK ] FarmermarketTest.HandlePointerSwap (0 ms)
[----------] 1 test from FarmermarketTest (0 ms total)

[----------] Global test environment tear-down
[==========] 1 test from 1 test suite ran. (0 ms total)
[  PASSED  ] 1 test.
</system-out>
	</testcase>
	<testcase name="FarmermarketTest.HandleSorting" classname="FarmermarketTest.HandleSorting" time="0.0113969" status="run">
		<system-out>Note: Google Test filter = FarmermarketTest.HandleSorting
[==========] Running 1 test from 1 test suite.
[----------] Global test environment set-up.
[----------] 1 test from FarmermarketTest
[ RUN      ] FarmermarketTest.HandleSorting
[       OK ] FarmermarketTest.HandleSorting (0 ms)
[----------] 1 test from FarmermarketTest (0 ms total)

[----------] Global test environment tear-down
[==========] 1 test from 1 test suite ran. (0 ms total)
[  PASSED  ] 1 test.
</system-out>
	</testcase>
	<testcase name="FarmermarketTest.FindElement" classname="FarmermarketTest.FindElement" time="0.0115236" status="run">
		<system-out>Note: Google Test filter = FarmermarketTest.FindElement
[==========] Running 1 test from 1 test suite.
[----------] Global test environment set-up.
[----------] 1 test from FarmermarketTest
[ RUN      ] FarmermarketTest.FindElement
[       OK ] FarmermarketTest.FindElement (0 ms)
[----------] 1 test from FarmermarketTest (0 ms total)

[----------] Global test environment tear-down
[==========] 1 test from 1 test suite ran. (0 ms total)
[  PASSED  ] 1 test.
</system-out>
	</testcase>
	<testcase name="FarmermarketTest.SearchInArray" classname="FarmermarketTest.SearchInArray" time="0.0116298" status="run">
		<system-out>Note: Google Test filter = FarmermarketTest.SearchInArray
[==========] Running 1 test from 1 test suite.
[----------] Global test environment set-up.
[----------] 1 test from FarmermarketTest
[ RUN      ] FarmermarketTest.SearchInArray
[       OK ] FarmermarketTest.SearchInArray (0 ms)
[----------] 1 test from FarmermarketTest (0 ms total)

[----------] Global test environment tear-down
[==========] 1 test from 1 test suite ran. (0 ms total)
[  PASSED  ] 1 test.
</system-out>
	</testcase>
	<testcase name="FarmermarketTest.VendorSearchTest" classname="FarmermarketTest.VendorSearchTest" time="0.0273575" status="run">
		<system-out>Note: Google Test filter = FarmermarketTest.VendorSearchTest
[==========] Running 1 test from 1 test suite.
[----------] Global test environment set-up.
[----------] 1 test from FarmermarketTest
[ RUN      ] FarmermarketTest.VendorSearchTest
</system-out>
	</testcase>
	<testcase name="FarmermarketTest.VendorNotFoundTest" classname="FarmermarketTest.VendorNotFoundTest" time="0.0334998" status="run">
		<system-out>Note: Google Test filter = FarmermarketTest.VendorNotFoundTest
[==========] Running 1 test from 1 test suite.
[----------] Global test environment set-up.
[----------] 1 test from FarmermarketTest
[ RUN      ] FarmermarketTest.VendorNotFoundTest
</system-out>
	</testcase>
	<testcase name="FarmermarketTest.ProductSearchTest" classname="FarmermarketTest.ProductSearchTest" time="0.0248392" status="run">
		<system-out>Note: Google Test filter = FarmermarketTest.ProductSearchTest
[==========] Running 1 test from 1 test suite.
[----------] Global test environment set-up.
[----------] 1 test from FarmermarketTest
[ RUN      ] FarmermarketTest.ProductSearchTest
</system-out>
	</testcase>
	<testcase name="FarmermarketTest.ProductNotFoundTest" classname="FarmermarketTest.ProductNotFoundTest" time="0.0495354" status="run">
		<system-out>Note: Google Test filter = FarmermarketTest.ProductNotFoundTest
[==========] Running 1 test from 1 test suite.
[----------] Global test environment set-up.
[----------] 1 test from FarmermarketTest
[ RUN      ] FarmermarketTest.ProductNotFoundTest
</system-out>
	</testcase>
	<testcase name="FarmermarketTest.ListingInfosMenuValidOptionTest1" classname="FarmermarketTest.ListingInfosMenuValidOptionTest1" time="0.0438638" status="run">
		<system-out>Note: Google Test filter = FarmermarketTest.ListingInfosMenuValidOptionTest1
[==========] Running 1 test from 1 test suite.
[----------] Global test environment set-up.
[----------] 1 test from FarmermarketTest
[ RUN      ] FarmermarketTest.ListingInfosMenuValidOptionTest1
</system-out>
	</testcase>
	<testcase name="FarmermarketTest.ListingInfosMenuValidOptionTest2" classname="FarmermarketTest.ListingInfosMenuValidOptionTest2" time="0.049781" status="run">
		<system-out>Note: Google Test filter = FarmermarketTest.ListingInfosMenuValidOptionTest2
[==========] Running 1 test from 1 test suite.
[----------] Global test environment set-up.
[----------] 1 test from FarmermarketTest
[ RUN      ] FarmermarketTest.ListingInfosMenuValidOptionTest2
</system-out>
	</testcase>
	<testcase name="FarmermarketTest.ListingInfosMenuInvalidOptionTest" classname="FarmermarketTest.ListingInfosMenuInvalidOptionTest" time="0.0606822" status="run">
		<system-out>Note: Google Test filter = FarmermarketTest.ListingInfosMenuInvalidOptionTest
[==========] Running 1 test from 1 test suite.
[----------] Global test environment set-up.
[----------] 1 test from FarmermarketTest
[ RUN      ] FarmermarketTest.ListingInfosMenuInvalidOptionTest
</system-out>
	</testcase>
	<testcase name="FarmermarketTest.ListingInfosMenuInvalidOptionTestWithNumber" classname="FarmermarketTest.ListingInfosMenuInvalidOptionTestWithNumber" time="0.0395258" status="run">
		<system-out>Note: Google Test filter = FarmermarketTest.ListingInfosMenuInvalidOptionTestWithNumber
[==========] Running 1 test from 1 test suite.
[----------] Global test environment set-up.
[----------] 1 test from FarmermarketTest
[ RUN      ] FarmermarketTest.ListingInfosMenuInvalidOptionTestWithNumber
</system-out>
	</testcase>
	<testcase name="FarmermarketTest.InsertMinHeapWhenFullTest" classname="FarmermarketTest.InsertMinHeapWhenFullTest" time="0.0132888" status="run">
		<system-out>Note: Google Test filter = FarmermarketTest.InsertMinHeapWhenFullTest
[==========] Running 1 test from 1 test suite.
[----------] Global test environment set-up.
[----------] 1 test from FarmermarketTest
[ RUN      ] FarmermarketTest.InsertMinHeapWhenFullTest
[       OK ] FarmermarketTest.InsertMinHeapWhenFullTest (0 ms)
[----------] 1 test from FarmermarketTest (0 ms total)

[----------] Global test environment tear-down
[==========] 1 test from 1 test suite ran. (0 ms total)
[  PASSED  ] 1 test.
</system-out>
	</testcase>
	<testcase name="FarmermarketTest.RemoveMinWithReinsertionTest" classname="FarmermarketTest.RemoveMinWithReinsertionTest" time="0.0114373" status="run">
		<system-out>Note: Google Test filter = FarmermarketTest.RemoveMinWithReinsertionTest
[==========] Running 1 test from 1 test suite.
[----------] Global test environment set-up.
[----------] 1 test from FarmermarketTest
[ RUN      ] FarmermarketTest.RemoveMinWithReinsertionTest
[       OK ] FarmermarketTest.RemoveMinWithReinsertionTest (0 ms)
[----------] 1 test from FarmermarketTest (0 ms total)

[----------] Global test environment tear-down
[==========] 1 test from 1 test suite ran. (0 ms total)
[  PASSED  ] 1 test.
</system-out>
	</testcase>
	<testcase name="FarmermarketTest.SaveProductSeasonTest" classname="FarmermarketTest.SaveProductSeasonTest" time="0.0177891" status="run">
		<system-out>Note: Google Test filter = FarmermarketTest.SaveProductSeasonTest
[==========] Running 1 test from 1 test suite.
[----------] Global test environment set-up.
[----------] 1 test from FarmermarketTest
[ RUN      ] FarmermarketTest.SaveProductSeasonTest
[       OK ] FarmermarketTest.SaveProductSeasonTest (5 ms)
[----------] 1 test from FarmermarketTest (5 ms total)

[----------] Global test environment tear-down
[==========] 1 test from 1 test suite ran. (5 ms total)
[  PASSED  ] 1 test.
</system-out>
	</testcase>
	<testcase name="FarmermarketTest.SeasonalProduceGuideTest" classname="FarmermarketTest.SeasonalProduceGuideTest" time="0.135363" status="run">
		<system-out>Note: Google Test filter = FarmermarketTest.SeasonalProduceGuideTest
[==========] Running 1 test from 1 test suite.
[----------] Global test environment set-up.
[----------] 1 test from FarmermarketTest
[ RUN      ] FarmermarketTest.SeasonalProduceGuideTest
</system-out>
	</testcase>
	<testcase name="FarmermarketTest.LongestCommonSubsequenceTest" classname="FarmermarketTest.LongestCommonSubsequenceTest" time="0.0119151" status="run">
		<system-out>Note: Google Test filter = FarmermarketTest.LongestCommonSubsequenceTest
[==========] Running 1 test from 1 test suite.
[----------] Global test environment set-up.
[----------] 1 test from FarmermarketTest
[ RUN      ] FarmermarketTest.LongestCommonSubsequenceTest
[       OK ] FarmermarketTest.LongestCommonSubsequenceTest (0 ms)
[----------] 1 test from FarmermarketTest (0 ms total)

[----------] Global test environment tear-down
[==========] 1 test from 1 test suite ran. (0 ms total)
[  PASSED  ] 1 test.
</system-out>
	</testcase>
	<testcase name="FarmermarketTest.MaxFunctionTest" classname="FarmermarketTest.MaxFunctionTest" time="0.0120967" status="run">
		<system-out>Note: Google Test filter = FarmermarketTest.MaxFunctionTest
[==========] Running 1 test from 1 test suite.
[----------] Global test environment set-up.
[----------] 1 test from FarmermarketTest
[ RUN      ] FarmermarketTest.MaxFunctionTest
[       OK ] FarmermarketTest.MaxFunctionTest (0 ms)
[----------] 1 test from FarmermarketTest (0 ms total)

[----------] Global test environment tear-down
[==========] 1 test from 1 test suite ran. (0 ms total)
[  PASSED  ] 1 test.
</system-out>
	</testcase>
	<testcase name="FarmermarketTest.KnapsackFunctionTest" classname="FarmermarketTest.KnapsackFunctionTest" time="0.0115186" status="run">
		<system-out>Note: Google Test filter = FarmermarketTest.KnapsackFunctionTest
[==========] Running 1 test from 1 test suite.
[----------] Global test environment set-up.
[----------] 1 test from FarmermarketTest
[ RUN      ] FarmermarketTest.KnapsackFunctionTest
[       OK ] FarmermarketTest.KnapsackFunctionTest (0 ms)
[----------] 1 test from FarmermarketTest (0 ms total)

[----------] Global test environment tear-down
[==========] 1 test from 1 test suite ran. (0 ms total)
[  PASSED  ] 1 test.
</system-out>
	</testcase>
	<testcase name="FarmermarketTest.CompareProductsTest" classname="FarmermarketTest.CompareProductsTest" time="0.0212876" status="run">
		<system-out>Note: Google Test filter = FarmermarketTest.CompareProductsTest
[==========] Running 1 test from 1 test suite.
[----------] Global test environment set-up.
[----------] 1 test from FarmermarketTest
[ RUN      ] FarmermarketTest.CompareProductsTest
</system-out>
	</testcase>
	<testcase name="FarmermarketTest.CompareProductsTestInvalid" classname="FarmermarketTest.CompareProductsTestInvalid" time="0.0171754" status="run">
		<system-out>Note: Google Test filter = FarmermarketTest.CompareProductsTestInvalid
[==========] Running 1 test from 1 test suite.
[----------] Global test environment set-up.
[----------] 1 test from FarmermarketTest
[ RUN      ] FarmermarketTest.CompareProductsTestInvalid
</system-out>
	</testcase>
	<testcase name="FarmermarketTest.BuyProductsTest" classname="FarmermarketTest.BuyProductsTest" time="0.021417" status="run">
		<system-out>Note: Google Test filter = FarmermarketTest.BuyProductsTest
[==========] Running 1 test from 1 test suite.
[----------] Global test environment set-up.
[----------] 1 test from FarmermarketTest
[ RUN      ] FarmermarketTest.BuyProductsTest
</system-out>
	</testcase>
	<testcase name="FarmermarketTest.BuyProductsTestInvalid" classname="FarmermarketTest.BuyProductsTestInvalid" time="0.0228302" status="run">
		<system-out>Note: Google Test filter = FarmermarketTest.BuyProductsTestInvalid
[==========] Running 1 test from 1 test suite.
[----------] Global test environment set-up.
[----------] 1 test from FarmermarketTest
[ RUN      ] FarmermarketTest.BuyProductsTestInvalid
</system-out>
	</testcase>
	<testcase name="FarmermarketTest.BuyProductsTestLowBudget" classname="FarmermarketTest.BuyProductsTestLowBudget" time="0.0193216" status="run">
		<system-out>Note: Google Test filter = FarmermarketTest.BuyProductsTestLowBudget
[==========] Running 1 test from 1 test suite.
[----------] Global test environment set-up.
[----------] 1 test from FarmermarketTest
[ RUN      ] FarmermarketTest.BuyProductsTestLowBudget
</system-out>
	</testcase>
	<testcase name="FarmermarketTest.PurchasingTransactionsAndPriceComparisonMenuTest" classname="FarmermarketTest.PurchasingTransactionsAndPriceComparisonMenuTest" time="0.0586069" status="run">
		<system-out>Note: Google Test filter = FarmermarketTest.PurchasingTransactionsAndPriceComparisonMenuTest
[==========] Running 1 test from 1 test suite.
[----------] Global test environment set-up.
[----------] 1 test from FarmermarketTest
[ RUN      ] FarmermarketTest.PurchasingTransactionsAndPriceComparisonMenuTest
</system-out>
	</testcase>
	<testcase name="FarmermarketTest.PurchasingTransactionsAndPriceComparisonShoppingSuggestionGuestModeTest" classname="FarmermarketTest.PurchasingTransactionsAndPriceComparisonShoppingSuggestionGuestModeTest" time="0.0459424" status="run">
		<system-out>Note: Google Test filter = FarmermarketTest.PurchasingTransactionsAndPriceComparisonShoppingSuggestionGuestModeTest
[==========] Running 1 test from 1 test suite.
[----------] Global test environment set-up.
[----------] 1 test from FarmermarketTest
[ RUN      ] FarmermarketTest.PurchasingTransactionsAndPriceComparisonShoppingSuggestionGuestModeTest
</system-out>
	</testcase>
	<testcase name="FarmermarketTest.PurchasingTransactionsAndPriceComparisonBuyProductsTest" classname="FarmermarketTest.PurchasingTransactionsAndPriceComparisonBuyProductsTest" time="0.0462106" status="run">
		<system-out>Note: Google Test filter = FarmermarketTest.PurchasingTransactionsAndPriceComparisonBuyProductsTest
[==========] Running 1 test from 1 test suite.
[----------] Global test environment set-up.
[----------] 1 test from FarmermarketTest
[ RUN      ] FarmermarketTest.PurchasingTransactionsAndPriceComparisonBuyProductsTest
</system-out>
	</testcase>
	<testcase name="FarmermarketTest.PurchasingTransactionsAndPriceComparisonBuyProductsGuestModeTest" classname="FarmermarketTest.PurchasingTransactionsAndPriceComparisonBuyProductsGuestModeTest" time="0.0460563" status="run">
		<system-out>Note: Google Test filter = FarmermarketTest.PurchasingTransactionsAndPriceComparisonBuyProductsGuestModeTest
[==========] Running 1 test from 1 test suite.
[----------] Global test environment set-up.
[----------] 1 test from FarmermarketTest
[ RUN      ] FarmermarketTest.PurchasingTransactionsAndPriceComparisonBuyProductsGuestModeTest
</system-out>
	</testcase>
	<testcase name="FarmermarketTest.PurchasingTransactionsAndPriceComparisonInvalidOptionTest" classname="FarmermarketTest.PurchasingTransactionsAndPriceComparisonInvalidOptionTest" time="0.0885972" status="run">
		<system-out>Note: Google Test filter = FarmermarketTest.PurchasingTransactionsAndPriceComparisonInvalidOptionTest
[==========] Running 1 test from 1 test suite.
[----------] Global test environment set-up.
[----------] 1 test from FarmermarketTest
[ RUN      ] FarmermarketTest.PurchasingTransactionsAndPriceComparisonInvalidOptionTest
</system-out>
	</testcase>
	<testcase name="FarmermarketTest.RecursiveMatrixMultiply" classname="FarmermarketTest.RecursiveMatrixMultiply" time="0.0114887" status="run">
		<system-out>Note: Google Test filter = FarmermarketTest.RecursiveMatrixMultiply
[==========] Running 1 test from 1 test suite.
[----------] Global test environment set-up.
[----------] 1 test from FarmermarketTest
[ RUN      ] FarmermarketTest.RecursiveMatrixMultiply
[       OK ] FarmermarketTest.RecursiveMatrixMultiply (0 ms)
[----------] 1 test from FarmermarketTest (0 ms total)

[----------] Global test environment tear-down
[==========] 1 test from 1 test suite ran. (0 ms total)
[  PASSED  ] 1 test.
</system-out>
	</testcase>
	<testcase name="FarmermarketTest.MemorizedRecursiveReuseTest" classname="FarmermarketTest.MemorizedRecursiveReuseTest" time="0.011339" status="run">
		<system-out>Note: Google Test filter = FarmermarketTest.MemorizedRecursiveReuseTest
[==========] Running 1 test from 1 test suite.
[----------] Global test environment set-up.
[----------] 1 test from FarmermarketTest
[ RUN      ] FarmermarketTest.MemorizedRecursiveReuseTest
[       OK ] FarmermarketTest.MemorizedRecursiveReuseTest (0 ms)
[----------] 1 test from FarmermarketTest (0 ms total)

[----------] Global test environment tear-down
[==========] 1 test from 1 test suite ran. (0 ms total)
[  PASSED  ] 1 test.
</system-out>
	</testcase>
	<testcase name="FarmermarketTest.MarketInformationsTotalIncomeTest" classname="FarmermarketTest.MarketInformationsTotalIncomeTest" time="0.0497117" status="run">
		<system-out>Note: Google Test filter = FarmermarketTest.MarketInformationsTotalIncomeTest
[==========] Running 1 test from 1 test suite.
[----------] Global test environment set-up.
[----------] 1 test from FarmermarketTest
[ RUN      ] FarmermarketTest.MarketInformationsTotalIncomeTest
</system-out>
	</testcase>
	<testcase name="FarmermarketTest.MarketInformationsInvalidOptionTest" classname="FarmermarketTest.MarketInformationsInvalidOptionTest" time="0.0986264" status="run">
		<system-out>Note: Google Test filter = FarmermarketTest.MarketInformationsInvalidOptionTest
[==========] Running 1 test from 1 test suite.
[----------] Global test environment set-up.
[----------] 1 test from FarmermarketTest
[ RUN      ] FarmermarketTest.MarketInformationsInvalidOptionTest
</system-out>
	</testcase>
	<testcase name="FarmermarketTest.MainMenuTest" classname="FarmermarketTest.MainMenuTest" time="0.156067" status="run">
		<system-out>Note: Google Test filter = FarmermarketTest.MainMenuTest
[==========] Running 1 test from 1 test suite.
[----------] Global test environment set-up.
[----------] 1 test from FarmermarketTest
[ RUN      ] FarmermarketTest.MainMenuTest
</system-out>
	</testcase>
</testsuite>
