SF:/mnt/c/users/bera/Desktop/ce100-midterm-ahmetbera-celik-enes-koy-cpp/src/tests/farmermarket/farmermarket_test.cpp
DA:6,0
DA:7,0
DA:8,0
DA:9,0
DA:10,0
DA:11,0
DA:12,0
DA:13,0
DA:16,0
DA:22,0
DA:30,0
DA:38,0
DA:50,0
DA:4,0
DA:3,0
DA:63,0
DA:71,0
DA:76,0
DA:86,0
DA:96,0
DA:107,0
DA:116,0
DA:125,0
DA:137,0
DA:147,0
DA:157,0
DA:165,0
DA:172,0
DA:184,0
DA:196,0
DA:208,0
DA:220,0
DA:232,0
DA:244,0
DA:256,0
DA:268,0
DA:290,0
DA:321,0
DA:349,0
DA:369,0
DA:379,0
DA:408,0
DA:414,0
DA:431,0
DA:441,0
DA:458,0
DA:475,0
DA:492,0
DA:510,0
DA:528,0
DA:539,0
DA:550,0
DA:561,0
DA:572,0
DA:583,0
DA:614,0
DA:627,0
DA:634,0
DA:644,0
DA:661,0
DA:679,1
DA:1,0
end_of_record
SF:/mnt/c/users/bera/Desktop/ce100-midterm-ahmetbera-celik-enes-koy-cpp/[generated]
DA:1,0
end_of_record
SF:/mnt/c/users/bera/Desktop/ce100-midterm-ahmetbera-celik-enes-koy-cpp/README.md
DA:1,0
end_of_record
SF:/mnt/c/users/bera/Desktop/ce100-midterm-ahmetbera-celik-enes-koy-cpp/src/tests/utility/utility_test.cpp
DA:1,0
end_of_record
