SF:/mnt/c/Users/Bera/Desktop/midtermproject/src/tests/farmermarket/farmermarket_test.cpp
DA:5,0
DA:6,0
DA:7,0
DA:8,0
DA:9,0
DA:13,0
DA:18,0
DA:3,0
DA:27,0
DA:35,0
DA:40,0
DA:55,0
DA:72,0
DA:86,0
DA:93,0
DA:100,0
DA:114,0
DA:123,0
DA:132,0
DA:139,0
DA:145,0
DA:157,0
DA:169,0
DA:181,0
DA:193,0
DA:205,0
DA:225,1
DA:1,0
end_of_record
SF:/mnt/c/Users/Bera/Desktop/midtermproject/[generated]
DA:1,0
end_of_record
SF:/mnt/c/Users/Bera/Desktop/midtermproject/README.md
DA:1,0
end_of_record
SF:/mnt/c/Users/Bera/Desktop/midtermproject/src/tests/utility/utility_test.cpp
DA:1,0
end_of_record
