SF:C:\Users\Bera\Desktop\midtermproject\src\farmermarket\header\farmermarket.h
DA:22,0
DA:23,0
DA:21,0
DA:16,0
DA:17,0
DA:18,0
DA:15,0
DA:12,0
DA:13,0
DA:11,0
DA:9,0
DA:10,0
DA:26,0
DA:28,0
DA:30,0
DA:32,0
DA:34,0
DA:36,0
DA:38,0
DA:40,0
DA:42,0
DA:44,0
DA:46,0
DA:48,0
DA:50,0
DA:52,0
DA:54,0
DA:56,0
DA:58,0
DA:60,0
DA:62,0
DA:64,0
DA:66,0
DA:68,0
DA:70,0
DA:72,0
DA:74,0
DA:76,0
DA:78,0
DA:80,0
DA:82,0
DA:84,0
DA:86,0
DA:88,0
DA:1,1
end_of_record
SF:C:\Users\Bera\Desktop\midtermproject\README.md
DA:1,0
end_of_record
SF:C:\Users\Bera\Desktop\midtermproject\src\farmermarket\src\farmermarket.cpp
DA:8,0
DA:9,0
DA:10,0
DA:11,0
DA:12,0
DA:13,0
DA:14,0
DA:15,0
DA:21,0
DA:43,0
DA:49,0
DA:55,0
DA:56,0
DA:57,0
DA:58,0
DA:59,0
DA:60,0
DA:67,0
DA:117,0
DA:124,0
DA:138,0
DA:242,0
DA:249,0
DA:268,0
DA:278,0
DA:297,0
DA:306,0
DA:325,0
DA:345,0
DA:385,0
DA:389,0
DA:403,0
DA:419,0
DA:427,0
DA:455,0
DA:502,0
DA:535,0
DA:548,0
DA:552,0
DA:591,0
DA:625,0
DA:665,0
DA:704,0
DA:764,0
DA:788,0
DA:792,0
DA:811,0
DA:842,0
DA:1,0
end_of_record
SF:C:\Users\Bera\Desktop\midtermproject\src\farmermarketapp\header\farmermarketapp.h
DA:1,1
end_of_record
SF:C:\Users\Bera\Desktop\midtermproject\src\farmermarketapp\src\farmermarketapp.cpp
DA:12,0
DA:1,1
end_of_record
SF:C:\Users\Bera\Desktop\midtermproject\src\utility\header\commonTypes.h
DA:1,0
end_of_record
SF:C:\Users\Bera\Desktop\midtermproject\src\utility\header\mathUtility.h
DA:1,0
end_of_record
SF:C:\Users\Bera\Desktop\midtermproject\src\utility\src\mathUtility.cpp
DA:1,0
end_of_record
