SF:C:\Users\Bera\Desktop\midtermproject\src\farmermarket\header\farmermarket.h
DA:22,0
DA:23,0
DA:21,0
DA:16,0
DA:17,0
DA:18,0
DA:15,0
DA:12,0
DA:13,0
DA:11,0
DA:9,0
DA:10,0
DA:26,0
DA:28,0
DA:30,0
DA:32,0
DA:34,0
DA:36,0
DA:38,0
DA:40,0
DA:42,0
DA:44,0
DA:46,0
DA:48,0
DA:50,0
DA:52,0
DA:54,0
DA:56,0
DA:58,0
DA:60,0
DA:62,0
DA:64,0
DA:66,0
DA:68,0
DA:70,0
DA:72,0
DA:74,0
DA:76,0
DA:78,0
DA:80,0
DA:82,0
DA:84,0
DA:86,0
DA:88,0
DA:1,1
end_of_record
SF:C:\Users\Bera\Desktop\midtermproject\README.md
DA:1,0
end_of_record
SF:C:\Users\Bera\Desktop\midtermproject\src\farmermarket\src\farmermarket.cpp
DA:7,0
DA:8,0
DA:9,0
DA:10,0
DA:11,0
DA:12,0
DA:13,0
DA:14,0
DA:20,0
DA:42,0
DA:48,0
DA:54,0
DA:55,0
DA:56,0
DA:57,0
DA:58,0
DA:59,0
DA:66,0
DA:116,0
DA:123,0
DA:137,0
DA:241,0
DA:248,0
DA:267,0
DA:277,0
DA:296,0
DA:305,0
DA:324,0
DA:344,0
DA:384,0
DA:388,0
DA:402,0
DA:418,0
DA:426,0
DA:454,0
DA:501,0
DA:534,0
DA:547,0
DA:551,0
DA:590,0
DA:624,0
DA:664,0
DA:703,0
DA:763,0
DA:787,0
DA:791,0
DA:810,0
DA:841,0
DA:1,0
end_of_record
SF:C:\Users\Bera\Desktop\midtermproject\src\farmermarketapp\header\farmermarketapp.h
DA:1,1
end_of_record
SF:C:\Users\Bera\Desktop\midtermproject\src\farmermarketapp\src\farmermarketapp.cpp
DA:12,0
DA:1,1
end_of_record
SF:C:\Users\Bera\Desktop\midtermproject\src\utility\header\commonTypes.h
DA:1,0
end_of_record
SF:C:\Users\Bera\Desktop\midtermproject\src\utility\header\mathUtility.h
DA:1,0
end_of_record
SF:C:\Users\Bera\Desktop\midtermproject\src\utility\src\mathUtility.cpp
DA:1,0
end_of_record
